<?xml version="1.0" encoding="UTF-8"?>
<!-- Generated by org.testng.reporters.JUnitReportReporter -->
<testsuite hostname="LAPTOP-0I2FV75B" failures="0" tests="2" name="runner.CucumberRunner" time="17.967" errors="0" timestamp="2021-10-15T15:13:58 IST" skipped="0">
  <testcase classname="runner.CucumberRunner" name="runScenario" time="2.530"/>
  <system-out/>
  <testcase classname="runner.CucumberRunner" name="runScenario" time="15.437"/>
  <system-out/>
</testsuite> <!-- runner.CucumberRunner -->
